ParseStarterProject/proguard/seeds.txt
com.parse.starter.AboutActivity
com.parse.starter.AboutActivity: android.widget.Button mainMenu
com.parse.starter.AboutActivity: AboutActivity()
com.parse.starter.AboutActivity: void onCreate(android.os.Bundle)
com.parse.starter.AboutActivity: void addListenerOnMainMenuButton()
com.parse.starter.AboutActivity$1
com.parse.starter.AboutActivity$1: com.parse.starter.AboutActivity this$0
com.parse.starter.AboutActivity$1: AboutActivity$1(com.parse.starter.AboutActivity)
com.parse.starter.AboutActivity$1: void onClick(android.view.View)
com.parse.starter.BaseActivity
com.parse.starter.BaseActivity: android.content.Context context
com.parse.starter.BaseActivity: BaseActivity()
com.parse.starter.BaseActivity: void onCreate(android.os.Bundle)
com.parse.starter.BaseActivity: boolean isOnline()
com.parse.starter.BaseActivity: void showWarningDialog(int)
com.parse.starter.BaseActivity$1
com.parse.starter.BaseActivity$1: com.parse.starter.BaseActivity this$0
com.parse.starter.BaseActivity$1: android.app.Dialog val$myDialog
com.parse.starter.BaseActivity$1: BaseActivity$1(com.parse.starter.BaseActivity,android.app.Dialog)
com.parse.starter.BaseActivity$1: void onClick(android.view.View)
com.parse.starter.Character
com.parse.starter.Character: Character()
com.parse.starter.Character: java.lang.String getName()
com.parse.starter.Character: int getID()
com.parse.starter.Character: java.util.List getItems()
com.parse.starter.Character: com.parse.ParseQuery getQuery()
com.parse.starter.GooglePlace
com.parse.starter.GooglePlace: com.parse.starter.GooglePlace$Geometry geometry
com.parse.starter.GooglePlace: java.lang.String icon
com.parse.starter.GooglePlace: java.lang.String id
com.parse.starter.GooglePlace: java.lang.String name
com.parse.starter.GooglePlace: com.parse.starter.GooglePlace$OpeningHours opening_hours
com.parse.starter.GooglePlace: java.lang.String reference
com.parse.starter.GooglePlace: java.util.List types
com.parse.starter.GooglePlace: java.lang.String vicinity
com.parse.starter.GooglePlace: java.util.List photos
com.parse.starter.GooglePlace: java.lang.String rating
com.parse.starter.GooglePlace: GooglePlace()
com.parse.starter.GooglePlace: java.lang.String getName()
com.parse.starter.GooglePlace: double getLat()
com.parse.starter.GooglePlace: double getLng()
com.parse.starter.GooglePlace$Geometry
com.parse.starter.GooglePlace$Geometry: com.parse.starter.GooglePlace$LocationPoint location
com.parse.starter.GooglePlace$Geometry: GooglePlace$Geometry()
com.parse.starter.GooglePlace$Geometry: com.parse.starter.GooglePlace$LocationPoint getLocation()
com.parse.starter.GooglePlace$LocationPoint
com.parse.starter.GooglePlace$LocationPoint: double lat
com.parse.starter.GooglePlace$LocationPoint: double lng
com.parse.starter.GooglePlace$LocationPoint: GooglePlace$LocationPoint(double,double)
com.parse.starter.GooglePlace$LocationPoint: double getLat()
com.parse.starter.GooglePlace$LocationPoint: double getLng()
com.parse.starter.GooglePlace$OpeningHours
com.parse.starter.GooglePlace$OpeningHours: boolean open_now
com.parse.starter.GooglePlace$OpeningHours: com.parse.starter.GooglePlace this$0
com.parse.starter.GooglePlace$OpeningHours: GooglePlace$OpeningHours(com.parse.starter.GooglePlace)
com.parse.starter.GooglePlace$Photo
com.parse.starter.GooglePlace$Photo: int height
com.parse.starter.GooglePlace$Photo: java.util.List html_attributions
com.parse.starter.GooglePlace$Photo: java.lang.String photo_reference
com.parse.starter.GooglePlace$Photo: int width
com.parse.starter.GooglePlace$Photo: com.parse.starter.GooglePlace this$0
com.parse.starter.GooglePlace$Photo: GooglePlace$Photo(com.parse.starter.GooglePlace)
...
com.parse.OfflineStore$11
com.parse.OfflineStore$11: com.parse.ParseObject val$object
com.parse.OfflineStore$11: com.parse.OfflineStore this$0
com.parse.OfflineStore$11: OfflineStore$11(com.parse.OfflineStore,com.parse.ParseObject)
com.parse.OfflineStore$11: java.lang.String then(com.parse.Task)
com.parse.OfflineStore$11: java.lang.Object then(com.parse.Task)
com.parse.OfflineStore$12
com.parse.OfflineStore$12: com.parse.Task$TaskCompletionSource val$tcs
com.parse.OfflineStore$12: com.parse.ParseObject val$object
com.parse.OfflineStore$12: com.parse.OfflineStore this$0
com.parse.OfflineStore$12: OfflineStore$12(com.parse.OfflineStore,com.parse.Task$TaskCompletionSource,com.parse.ParseObject)
com.parse.OfflineStore$12: com.parse.Task then(com.parse.Task)
com.parse.OfflineStore$12: java.lang.Object then(com.parse.Task)
com.parse.OfflineStore$13
com.parse.OfflineStore$13: com.parse.ParseSQLiteDatabase val$db
com.parse.OfflineStore$13: com.parse.ParseObject val$object
com.parse.OfflineStore$13: com.parse.OfflineStore this$0
com.parse.OfflineStore$13: OfflineStore$13(com.parse.OfflineStore,com.parse.ParseSQLiteDatabase,com.parse.ParseObject)
com.parse.OfflineStore$13: com.parse.Task then(com.parse.Task)
com.parse.OfflineStore$13: java.lang.Object then(com.parse.Task)
com.parse.OfflineStore$13$1
com.parse.OfflineStore$13$1: java.util.Map val$offlineObjects
com.parse.OfflineStore$13$1: com.parse.OfflineStore$13 this$1
com.parse.OfflineStore$13$1: OfflineStore$13$1(com.parse.OfflineStore$13,java.util.Map)
com.parse.OfflineStore$13$1: boolean visit(java.lang.Object)
com.parse.OfflineStore$13$2
com.parse.OfflineStore$13$2: org.json.JSONObject val$json
com.parse.OfflineStore$13$2: java.util.Map val$offlineObjects
com.parse.OfflineStore$13$2: com.parse.OfflineStore$13 this$1
com.parse.OfflineStore$13$2: OfflineStore$13$2(com.parse.OfflineStore$13,org.json.JSONObject,java.util.Map)
com.parse.OfflineStore$13$2: java.lang.Void then(com.parse.Task)
com.parse.OfflineStore$13$2: java.lang.Object then(com.parse.Task)
com.parse.OfflineStore$14
com.parse.OfflineStore$14: com.parse.ParseObject val$object
com.parse.OfflineStore$14: com.parse.OfflineStore this$0
com.parse.OfflineStore$14: OfflineStore$14(com.parse.OfflineStore,com.parse.ParseObject)
com.parse.OfflineStore$14: com.parse.Task then(com.parse.Task)
com.parse.OfflineStore$14: java.lang.Object then(com.parse.Task)
com.parse.OfflineStore$14$1
com.parse.OfflineStore$14$1: com.parse.ParseSQLiteDatabase val$db
com.parse.OfflineStore$14$1: com.parse.OfflineStore$14 this$1
com.parse.OfflineStore$14$1: OfflineStore$14$1(com.parse.OfflineStore$14,com.parse.ParseSQLiteDatabase)
com.parse.OfflineStore$14$1: com.parse.Task then(com.parse.Task)
com.parse.OfflineStore$14$1: java.lang.Object then(com.parse.Task)
com.parse.OfflineStore$15
com.parse.OfflineStore$15: java.lang.String val$key
com.parse.OfflineStore$15: com.parse.Capture val$uuid
com.parse.OfflineStore$15: com.parse.ParseSQLiteDatabase val$db
com.parse.OfflineStore$15: com.parse.OfflineStore this$0
com.parse.OfflineStore$15: OfflineStore$15(com.parse.OfflineStore,java.lang.String,com.parse.Capture,com.parse.ParseSQLiteDatabase)
com.parse.OfflineStore$15: com.parse.Task then(com.parse.Task)
com.parse.OfflineStore$15: java.lang.Object then(com.parse.Task)
com.parse.OfflineStore$16
com.parse.OfflineStore$16: com.parse.ParseObject val$object
com.parse.OfflineStore$16: com.parse.Capture val$encoded
com.parse.OfflineStore$16: com.parse.Capture val$uuid
com.parse.OfflineStore$16: com.parse.ParseSQLiteDatabase val$db
com.parse.OfflineStore$16: com.parse.OfflineStore this$0
com.parse.OfflineStore$16: OfflineStore$16(com.parse.OfflineStore,com.parse.ParseObject,com.parse.Capture,com.parse.Capture,com.parse.ParseSQLiteDatabase)
com.parse.OfflineStore$16: com.parse.Task then(com.parse.Task)
com.parse.OfflineStore$16: java.lang.Object then(com.parse.Task)