ParseStarterProject/proguard/mapping.txt
com.parse.starter.AboutActivity -> com.parse.starter.AboutActivity:
    android.widget.Button mainMenu -> mainMenu
    void onCreate(android.os.Bundle) -> onCreate
    void addListenerOnMainMenuButton() -> addListenerOnMainMenuButton
com.parse.starter.AboutActivity$1 -> com.parse.starter.AboutActivity$1:
    com.parse.starter.AboutActivity this$0 -> this$0
    void onClick(android.view.View) -> onClick
com.parse.starter.BaseActivity -> com.parse.starter.BaseActivity:
    android.content.Context context -> context
    void onCreate(android.os.Bundle) -> onCreate
    boolean isOnline() -> isOnline
    void showWarningDialog(int) -> showWarningDialog
com.parse.starter.BaseActivity$1 -> com.parse.starter.BaseActivity$1:
    com.parse.starter.BaseActivity this$0 -> this$0
    android.app.Dialog val$myDialog -> val$myDialog
    void onClick(android.view.View) -> onClick
com.parse.starter.Character -> com.parse.starter.Character:
    java.lang.String getName() -> getName
    int getID() -> getID
    java.util.List getItems() -> getItems
    com.parse.ParseQuery getQuery() -> getQuery
com.parse.starter.GooglePlace -> com.parse.starter.GooglePlace:
    com.parse.starter.GooglePlace$Geometry geometry -> geometry
    java.lang.String icon -> icon
    java.lang.String id -> id
    java.lang.String name -> name
    com.parse.starter.GooglePlace$OpeningHours opening_hours -> opening_hours
    java.lang.String reference -> reference
    java.util.List types -> types
    java.lang.String vicinity -> vicinity
    java.util.List photos -> photos
    java.lang.String rating -> rating
    java.lang.String getName() -> getName
    double getLat() -> getLat
    double getLng() -> getLng
com.parse.starter.GooglePlace$Geometry -> com.parse.starter.GooglePlace$Geometry:
    com.parse.starter.GooglePlace$LocationPoint location -> location
    com.parse.starter.GooglePlace$LocationPoint getLocation() -> getLocation
com.parse.starter.GooglePlace$LocationPoint -> com.parse.starter.GooglePlace$LocationPoint:
    double lat -> lat
    double lng -> lng
    double getLat() -> getLat
    double getLng() -> getLng
com.parse.starter.GooglePlace$OpeningHours -> com.parse.starter.GooglePlace$OpeningHours:
    boolean open_now -> open_now
    com.parse.starter.GooglePlace this$0 -> this$0
com.parse.starter.GooglePlace$Photo -> com.parse.starter.GooglePlace$Photo:
    int height -> height
    java.util.List html_attributions -> html_attributions
    java.lang.String photo_reference -> photo_reference
    int width -> width
    com.parse.starter.GooglePlace this$0 -> this$0
com.parse.starter.GooglePlacesResponse -> com.parse.starter.GooglePlacesResponse:
    java.util.List html_attributions -> html_attributions
    java.lang.String next_page_token -> next_page_token
    java.util.List results -> results
    java.lang.String status -> status
    java.util.List getResults() -> getResults
    java.util.List getHtmlResponse() -> getHtmlResponse
com.parse.starter.InventoryActivity -> com.parse.starter.InventoryActivity:
    android.widget.Button mainMenu -> mainMenu
    android.widget.ImageView currentMaterial -> currentMaterial
    android.widget.TableRow currentRow -> currentRow
    int numMaterialsInRow -> numMaterialsInRow
    void onCreate(android.os.Bundle) -> onCreate
    void addListenerOnMainMenuButton() -> addListenerOnMainMenuButton
com.parse.starter.InventoryActivity$1 -> com.parse.starter.InventoryActivity$1:
    com.parse.starter.InventoryActivity this$0 -> this$0
    void onClick(android.view.View) -> onClick
com.parse.starter.Item -> com.parse.starter.Item:
    java.lang.String getName() -> getName
    int geID() -> geID
    java.util.ArrayList getMaterials() -> getMaterials
    com.parse.ParseQuery getQuery() -> getQuery
...
com.parse.PushConnection$KeepAliveMonitor$2$1 -> com.parse.PushConnection$KeepAliveMonitor$2$1:
    com.parse.ParseWakeLock val$wl -> val$wl
    com.parse.PushConnection$KeepAliveMonitor$2 this$2 -> this$2
    java.lang.Void then(com.parse.Task) -> then
    java.lang.Object then(com.parse.Task) -> then
com.parse.PushConnection$ReachabilityMonitor -> com.parse.PushConnection$ReachabilityMonitor:
    com.parse.ConnectivityNotifier$ConnectivityListener listener -> listener
    boolean unregistered -> unregistered
    com.parse.PushConnection this$0 -> this$0
    void register() -> register
    void unregister() -> unregister
    boolean access$900(com.parse.PushConnection$ReachabilityMonitor) -> access$900
com.parse.PushConnection$ReachabilityMonitor$1 -> com.parse.PushConnection$ReachabilityMonitor$1:
    com.parse.PushConnection$ReachabilityMonitor this$1 -> this$1
    void networkConnectivityStatusChanged(android.content.Intent) -> networkConnectivityStatusChanged
com.parse.PushConnection$ReaderThread -> com.parse.PushConnection$ReaderThread:
    java.net.Socket socket -> socket
    boolean stopped -> stopped
    com.parse.PushConnection this$0 -> this$0
    void run() -> run
    void runReaderLoop(java.io.BufferedReader) -> runReaderLoop
    void stopReading() -> stopReading
com.parse.PushConnection$State -> com.parse.PushConnection$State:
    com.parse.PushConnection this$0 -> this$0
    void run() -> run
    com.parse.PushConnection$State runState() -> runState
    boolean isTerminal() -> isTerminal
com.parse.PushConnection$StateTransitionListener -> com.parse.PushConnection$StateTransitionListener:
    void onStateChange(com.parse.PushConnection,com.parse.PushConnection$State,com.parse.PushConnection$State) -> onStateChange
com.parse.PushConnection$StoppedState -> com.parse.PushConnection$StoppedState:
    com.parse.PushConnection this$0 -> this$0
    com.parse.PushConnection$State runState() -> runState
    boolean isTerminal() -> isTerminal
com.parse.PushConnection$WaitRetryState -> com.parse.PushConnection$WaitRetryState:
    long delay -> delay
    com.parse.PushConnection this$0 -> this$0
    long getDelay() -> getDelay
    com.parse.PushConnection$State runState() -> runState
com.parse.PushConnection$WaitStartState -> com.parse.PushConnection$WaitStartState:
    com.parse.PushConnection this$0 -> this$0
    com.parse.PushConnection$State runState() -> runState
com.parse.PushHistory -> com.parse.PushHistory:
    java.lang.String TAG -> TAG
    int maxHistoryLength -> maxHistoryLength
    java.util.PriorityQueue entries -> entries
    java.util.HashSet pushIds -> pushIds
    java.lang.String cutoff -> cutoff
    java.lang.String lastTime -> lastTime
    org.json.JSONObject toJSON() -> toJSON
    java.lang.String getCutoffTimestamp() -> getCutoffTimestamp
    void setCutoffTimestamp(java.lang.String) -> setCutoffTimestamp
    java.lang.String getLastReceivedTimestamp() -> getLastReceivedTimestamp
    void setLastReceivedTimestamp(java.lang.String) -> setLastReceivedTimestamp
    java.util.Set getPushIds() -> getPushIds
    boolean tryInsertPush(java.lang.String,java.lang.String) -> tryInsertPush
com.parse.PushHistory$Entry -> com.parse.PushHistory$Entry:
    java.lang.String pushId -> pushId
    java.lang.String timestamp -> timestamp
    int compareTo(com.parse.PushHistory$Entry) -> compareTo
    int compareTo(java.lang.Object) -> compareTo