ParseStarterProject/proguard/usage.txt
com.google.android.gms.plus.internal.e$h
com.google.android.gms.plus.internal.g
com.google.android.gms.plus.internal.g$a
com.google.android.gms.plus.internal.h:
    public h(java.lang.String,java.lang.String[],java.lang.String[],java.lang.String[],java.lang.String,java.lang.String,java.lang.String,com.google.android.gms.plus.internal.PlusCommonExtras)
    public android.os.Bundle iX()
com.google.android.gms.plus.internal.i
com.google.android.gms.plus.model.moments.ItemScope:
    public abstract com.google.android.gms.plus.model.moments.ItemScope getAbout()
    public abstract boolean hasAbout()
    public abstract java.util.List getAdditionalName()
    public abstract boolean hasAdditionalName()
    public abstract com.google.android.gms.plus.model.moments.ItemScope getAddress()
    public abstract boolean hasAddress()
    public abstract java.lang.String getAddressCountry()
    public abstract boolean hasAddressCountry()
    public abstract java.lang.String getAddressLocality()
    public abstract boolean hasAddressLocality()
    public abstract java.lang.String getAddressRegion()
    public abstract boolean hasAddressRegion()
    public abstract java.util.List getAssociated_media()
    public abstract boolean hasAssociated_media()
    public abstract int getAttendeeCount()
    public abstract boolean hasAttendeeCount()
    public abstract java.util.List getAttendees()
    public abstract boolean hasAttendees()
    public abstract com.google.android.gms.plus.model.moments.ItemScope getAudio()
    public abstract boolean hasAudio()
    public abstract java.util.List getAuthor()
    public abstract boolean hasAuthor()
    public abstract java.lang.String getBestRating()
    public abstract boolean hasBestRating()
    public abstract java.lang.String getBirthDate()
    public abstract boolean hasBirthDate()
    public abstract com.google.android.gms.plus.model.moments.ItemScope getByArtist()
com.google.android.gms.plus.model.moments.ItemScope$Builder
com.google.android.gms.plus.model.moments.Moment:
    public abstract java.lang.String getId()
    public abstract boolean hasId()
    public abstract com.google.android.gms.plus.model.moments.ItemScope getResult()
    public abstract boolean hasResult()
    public abstract java.lang.String getStartDate()
    public abstract boolean hasStartDate()
    public abstract com.google.android.gms.plus.model.moments.ItemScope getTarget()
    public abstract boolean hasTarget()
    public abstract java.lang.String getType()
    public abstract boolean hasType()
com.google.android.gms.plus.model.moments.Moment$Builder
com.google.android.gms.plus.model.moments.MomentBuffer